<?xml version="1.0" encoding="UTF-8"?>
<!-- Generated by org.testng.reporters.JUnitReportReporter -->
<testsuite hostname="Dinesh-Chigari" failures="0" tests="1" name="qsp.JJJJ" time="6.953" errors="0" timestamp="2024-03-14T12:50:34 IST" skipped="0">
  <testcase classname="qsp.JJJJ" name="run" time="6.953"/>
  <system-out/>
</testsuite> <!-- qsp.JJJJ -->
