<?xml version="1.0" encoding="UTF-8"?>
<!-- Generated by org.testng.reporters.JUnitReportReporter -->
<testsuite hostname="Dinesh-Chigari" failures="0" tests="1" name="data_driven_testing.Democlass" time="0.011" errors="0" timestamp="2024-03-13T13:14:23 IST" skipped="0">
  <testcase classname="data_driven_testing.Democlass" name="hi" time="0.011"/>
  <system-out/>
</testsuite> <!-- data_driven_testing.Democlass -->
